0 info it worked if it ends with ok
1 verbose cli [ '/usr/bin/nodejs',
1 verbose cli   '/usr/bin/npm',
1 verbose cli   'install',
1 verbose cli   '-g',
1 verbose cli   'localtunnel' ]
2 info using npm@1.3.10
3 info using node@v0.10.25
4 verbose cache add [ 'localtunnel', null ]
5 verbose cache add name=undefined spec="localtunnel" args=["localtunnel",null]
6 verbose parsed url { protocol: null,
6 verbose parsed url   slashes: null,
6 verbose parsed url   auth: null,
6 verbose parsed url   host: null,
6 verbose parsed url   port: null,
6 verbose parsed url   hostname: null,
6 verbose parsed url   hash: null,
6 verbose parsed url   search: null,
6 verbose parsed url   query: null,
6 verbose parsed url   pathname: 'localtunnel',
6 verbose parsed url   path: 'localtunnel',
6 verbose parsed url   href: 'localtunnel' }
7 silly lockFile a0661bc8-localtunnel localtunnel
8 verbose lock localtunnel /home/nicholas/.npm/a0661bc8-localtunnel.lock
9 silly lockFile a0661bc8-localtunnel localtunnel
10 silly lockFile a0661bc8-localtunnel localtunnel
11 verbose addNamed [ 'localtunnel', '' ]
12 verbose addNamed [ null, '*' ]
13 silly lockFile c752cf78-localtunnel localtunnel@
14 verbose lock localtunnel@ /home/nicholas/.npm/c752cf78-localtunnel.lock
15 silly addNameRange { name: 'localtunnel', range: '*', hasData: false }
16 verbose url raw localtunnel
17 verbose url resolving [ 'https://registry.npmjs.org/', './localtunnel' ]
18 verbose url resolved https://registry.npmjs.org/localtunnel
19 info trying registry request attempt 1 at 09:40:45
20 http GET https://registry.npmjs.org/localtunnel
21 http 200 https://registry.npmjs.org/localtunnel
22 silly registry.get cb [ 200,
22 silly registry.get   { date: 'Thu, 04 Dec 2014 17:40:46 GMT',
22 silly registry.get     server: 'CouchDB/1.5.0 (Erlang OTP/R14B04)',
22 silly registry.get     etag: '"CY5OBRT9Z73RDQ4DJS7WAZXFW"',
22 silly registry.get     'content-type': 'application/json',
22 silly registry.get     'cache-control': 'max-age=60',
22 silly registry.get     'content-length': '22031',
22 silly registry.get     'accept-ranges': 'bytes',
22 silly registry.get     via: '1.1 varnish',
22 silly registry.get     age: '56',
22 silly registry.get     'x-served-by': 'cache-lax1435-LAX',
22 silly registry.get     'x-cache': 'HIT',
22 silly registry.get     'x-cache-hits': '1',
22 silly registry.get     'x-timer': 'S1417714846.375779,VS0,VE0',
22 silly registry.get     vary: 'Accept',
22 silly registry.get     'keep-alive': 'timeout=10, max=50',
22 silly registry.get     connection: 'Keep-Alive' } ]
23 silly addNameRange number 2 { name: 'localtunnel', range: '*', hasData: true }
24 silly addNameRange versions [ 'localtunnel',
24 silly addNameRange   [ '0.0.0',
24 silly addNameRange     '0.0.1',
24 silly addNameRange     '0.0.2',
24 silly addNameRange     '0.0.3',
24 silly addNameRange     '0.0.4',
24 silly addNameRange     '0.1.0',
24 silly addNameRange     '0.1.1',
24 silly addNameRange     '0.1.2',
24 silly addNameRange     '0.1.3',
24 silly addNameRange     '0.2.0',
24 silly addNameRange     '0.2.1',
24 silly addNameRange     '0.2.2',
24 silly addNameRange     '1.0.0',
24 silly addNameRange     '1.1.0',
24 silly addNameRange     '1.1.1',
24 silly addNameRange     '1.1.2',
24 silly addNameRange     '1.2.0',
24 silly addNameRange     '1.3.0',
24 silly addNameRange     '1.4.0',
24 silly addNameRange     '1.5.0' ] ]
25 verbose addNamed [ 'localtunnel', '1.5.0' ]
26 verbose addNamed [ '1.5.0', '1.5.0' ]
27 silly lockFile 75a53410-localtunnel-1-5-0 localtunnel@1.5.0
28 verbose lock localtunnel@1.5.0 /home/nicholas/.npm/75a53410-localtunnel-1-5-0.lock
29 silly lockFile b343a5ae-ocaltunnel-localtunnel-1-5-0-tgz https://registry.npmjs.org/localtunnel/-/localtunnel-1.5.0.tgz
30 verbose lock https://registry.npmjs.org/localtunnel/-/localtunnel-1.5.0.tgz /home/nicholas/.npm/b343a5ae-ocaltunnel-localtunnel-1-5-0-tgz.lock
31 verbose addRemoteTarball [ 'https://registry.npmjs.org/localtunnel/-/localtunnel-1.5.0.tgz',
31 verbose addRemoteTarball   '5be949779325e9f3273021a3f38d2e7a8dcd7c4f' ]
32 info retry fetch attempt 1 at 09:40:46
33 verbose fetch to= /home/nicholas/tmp/npm-11407-TZ5CPykk/1417714846328-0.37408084771595895/tmp.tgz
34 http GET https://registry.npmjs.org/localtunnel/-/localtunnel-1.5.0.tgz
35 http 200 https://registry.npmjs.org/localtunnel/-/localtunnel-1.5.0.tgz
36 verbose tar unpack /home/nicholas/tmp/npm-11407-TZ5CPykk/1417714846328-0.37408084771595895/tmp.tgz
37 silly lockFile 4ae2841b-6328-0-37408084771595895-package tar:///home/nicholas/tmp/npm-11407-TZ5CPykk/1417714846328-0.37408084771595895/package
38 verbose lock tar:///home/nicholas/tmp/npm-11407-TZ5CPykk/1417714846328-0.37408084771595895/package /home/nicholas/.npm/4ae2841b-6328-0-37408084771595895-package.lock
39 silly lockFile 2aaae413-6328-0-37408084771595895-tmp-tgz tar:///home/nicholas/tmp/npm-11407-TZ5CPykk/1417714846328-0.37408084771595895/tmp.tgz
40 verbose lock tar:///home/nicholas/tmp/npm-11407-TZ5CPykk/1417714846328-0.37408084771595895/tmp.tgz /home/nicholas/.npm/2aaae413-6328-0-37408084771595895-tmp-tgz.lock
41 silly gunzTarPerm modes [ '755', '644' ]
42 silly gunzTarPerm extractEntry package.json
43 silly gunzTarPerm extractEntry .npmignore
44 silly gunzTarPerm extractEntry README.md
45 silly gunzTarPerm extractEntry client.js
46 silly gunzTarPerm extractEntry bin/client
47 silly gunzTarPerm extractEntry .travis.yml
48 silly gunzTarPerm extractEntry History.md
49 silly gunzTarPerm extractEntry test/index.js
50 silly lockFile 4ae2841b-6328-0-37408084771595895-package tar:///home/nicholas/tmp/npm-11407-TZ5CPykk/1417714846328-0.37408084771595895/package
51 silly lockFile 4ae2841b-6328-0-37408084771595895-package tar:///home/nicholas/tmp/npm-11407-TZ5CPykk/1417714846328-0.37408084771595895/package
52 silly lockFile 2aaae413-6328-0-37408084771595895-tmp-tgz tar:///home/nicholas/tmp/npm-11407-TZ5CPykk/1417714846328-0.37408084771595895/tmp.tgz
53 silly lockFile 2aaae413-6328-0-37408084771595895-tmp-tgz tar:///home/nicholas/tmp/npm-11407-TZ5CPykk/1417714846328-0.37408084771595895/tmp.tgz
54 verbose tar pack [ '/home/nicholas/.npm/localtunnel/1.5.0/package.tgz',
54 verbose tar pack   '/home/nicholas/tmp/npm-11407-TZ5CPykk/1417714846328-0.37408084771595895/package' ]
55 verbose tarball /home/nicholas/.npm/localtunnel/1.5.0/package.tgz
56 verbose folder /home/nicholas/tmp/npm-11407-TZ5CPykk/1417714846328-0.37408084771595895/package
57 silly lockFile 4ae2841b-6328-0-37408084771595895-package tar:///home/nicholas/tmp/npm-11407-TZ5CPykk/1417714846328-0.37408084771595895/package
58 verbose lock tar:///home/nicholas/tmp/npm-11407-TZ5CPykk/1417714846328-0.37408084771595895/package /home/nicholas/.npm/4ae2841b-6328-0-37408084771595895-package.lock
59 silly lockFile 71a1f3e5-pm-localtunnel-1-5-0-package-tgz tar:///home/nicholas/.npm/localtunnel/1.5.0/package.tgz
60 verbose lock tar:///home/nicholas/.npm/localtunnel/1.5.0/package.tgz /home/nicholas/.npm/71a1f3e5-pm-localtunnel-1-5-0-package-tgz.lock
61 silly lockFile 4ae2841b-6328-0-37408084771595895-package tar:///home/nicholas/tmp/npm-11407-TZ5CPykk/1417714846328-0.37408084771595895/package
62 silly lockFile 4ae2841b-6328-0-37408084771595895-package tar:///home/nicholas/tmp/npm-11407-TZ5CPykk/1417714846328-0.37408084771595895/package
63 silly lockFile 71a1f3e5-pm-localtunnel-1-5-0-package-tgz tar:///home/nicholas/.npm/localtunnel/1.5.0/package.tgz
64 silly lockFile 71a1f3e5-pm-localtunnel-1-5-0-package-tgz tar:///home/nicholas/.npm/localtunnel/1.5.0/package.tgz
65 silly lockFile 7bb7d9de-as-npm-localtunnel-1-5-0-package /home/nicholas/.npm/localtunnel/1.5.0/package
66 verbose lock /home/nicholas/.npm/localtunnel/1.5.0/package /home/nicholas/.npm/7bb7d9de-as-npm-localtunnel-1-5-0-package.lock
67 silly lockFile 7bb7d9de-as-npm-localtunnel-1-5-0-package /home/nicholas/.npm/localtunnel/1.5.0/package
68 silly lockFile 7bb7d9de-as-npm-localtunnel-1-5-0-package /home/nicholas/.npm/localtunnel/1.5.0/package
69 verbose tar unpack /home/nicholas/.npm/localtunnel/1.5.0/package.tgz
70 silly lockFile 8a0a7d51-as-npm-localtunnel-1-5-0-package tar:///home/nicholas/.npm/localtunnel/1.5.0/package
71 verbose lock tar:///home/nicholas/.npm/localtunnel/1.5.0/package /home/nicholas/.npm/8a0a7d51-as-npm-localtunnel-1-5-0-package.lock
72 silly lockFile 71a1f3e5-pm-localtunnel-1-5-0-package-tgz tar:///home/nicholas/.npm/localtunnel/1.5.0/package.tgz
73 verbose lock tar:///home/nicholas/.npm/localtunnel/1.5.0/package.tgz /home/nicholas/.npm/71a1f3e5-pm-localtunnel-1-5-0-package-tgz.lock
74 silly gunzTarPerm modes [ '755', '644' ]
75 silly gunzTarPerm extractEntry package.json
76 silly gunzTarPerm extractEntry .npmignore
77 silly gunzTarPerm extractEntry README.md
78 silly gunzTarPerm extractEntry client.js
79 silly gunzTarPerm extractEntry .travis.yml
80 silly gunzTarPerm extractEntry History.md
81 silly gunzTarPerm extractEntry bin/client
82 silly gunzTarPerm extractEntry test/index.js
83 silly lockFile 8a0a7d51-as-npm-localtunnel-1-5-0-package tar:///home/nicholas/.npm/localtunnel/1.5.0/package
84 silly lockFile 8a0a7d51-as-npm-localtunnel-1-5-0-package tar:///home/nicholas/.npm/localtunnel/1.5.0/package
85 silly lockFile 71a1f3e5-pm-localtunnel-1-5-0-package-tgz tar:///home/nicholas/.npm/localtunnel/1.5.0/package.tgz
86 silly lockFile 71a1f3e5-pm-localtunnel-1-5-0-package-tgz tar:///home/nicholas/.npm/localtunnel/1.5.0/package.tgz
87 verbose chmod /home/nicholas/.npm/localtunnel/1.5.0/package.tgz 644
88 verbose chown /home/nicholas/.npm/localtunnel/1.5.0/package.tgz [ 1000, 1000 ]
89 silly lockFile b343a5ae-ocaltunnel-localtunnel-1-5-0-tgz https://registry.npmjs.org/localtunnel/-/localtunnel-1.5.0.tgz
90 silly lockFile b343a5ae-ocaltunnel-localtunnel-1-5-0-tgz https://registry.npmjs.org/localtunnel/-/localtunnel-1.5.0.tgz
91 silly lockFile 75a53410-localtunnel-1-5-0 localtunnel@1.5.0
92 silly lockFile 75a53410-localtunnel-1-5-0 localtunnel@1.5.0
93 silly lockFile c752cf78-localtunnel localtunnel@
94 silly lockFile c752cf78-localtunnel localtunnel@
95 silly resolved [ { author: { name: 'Roman Shtylman', email: 'shtylman@gmail.com' },
95 silly resolved     name: 'localtunnel',
95 silly resolved     description: 'expose localhost to the world',
95 silly resolved     version: '1.5.0',
95 silly resolved     repository:
95 silly resolved      { type: 'git',
95 silly resolved        url: 'git://github.com/shtylman/localtunnel.git' },
95 silly resolved     dependencies: { request: '2.11.4', optimist: '0.3.4', debug: '0.7.4' },
95 silly resolved     devDependencies: { mocha: '~1.17.0' },
95 silly resolved     scripts: { test: 'mocha --ui qunit --reporter list --timeout 10000 -- test/index.js' },
95 silly resolved     bin: { lt: './bin/client' },
95 silly resolved     main: './client.js',
95 silly resolved     readme: '# localtunnel [![Build Status](https://travis-ci.org/defunctzombie/localtunnel.png?branch=master)](https://travis-ci.org/defunctzombie/localtunnel) #\n\nlocaltunnel exposes your localhost to the world for easy testing and sharing! No need to mess with DNS or deploy just to have others test out your changes.\n\nGreat for working with browser testing tools like browserling or external api callback services like twilio which require a public url for callbacks.\n\n## installation ##\n\n```\nnpm install -g localtunnel\n```\n\nThis will install the localtunnel module globally and add the \'lt\' client cli tool to your PATH.\n\n## use ##\n\nAssuming your local server is running on port 8000, just use the ```lt``` command to start the tunnel.\n\n```\nlt --port 8000\n```\n\nThats it! It will connect to the tunnel server, setup the tunnel, and tell you what url to use for your testing. This url will remain active for the duration of your session; so feel free to share it with others for happy fun time!\n\nYou can restart your local server all you want, ```lt``` is smart enough to detect this and reconnect once it is back.\n\n### arguments\n\nBelow are some common arguments. See `lt --help` for additional arguments\n\n* `--subdomain` request a named subdomain on the localtunnel server (default is random characters)\n* `--local-host` proxy to a hostname other than localhost\n\n## API ##\n\nThe localtunnel client is also usable through an API (for test integration, automation, etc)\n\n### localtunnel(port [,opts], fn)\n\nCreates a new localtunnel to the specified local `port`. `fn` will be called once you have been assigned a public localtunnel url. `opts` can be used to request a specific `subdomain`.\n\n```javascript\nvar localtunnel = require(\'localtunnel\');\n\nlocaltunnel(port, function(err, tunnel) {\n    if (err) ...\n\n    // the assigned public url for your tunnel\n    // i.e. https://abcdefgjhij.localtunnel.me\n    tunnel.url;\n});\n```\n\n### opts\n\n* `subdomain` A *string* value requesting a specific subdomain on the proxy server. **Note** You may not actually receive this name depending on availablily.\n* `local_host` Proxy to this hostname instead of `localhost`. This will also cause the `Host` header to be re-written to this value in proxied requests.\n\n### Tunnel\n\nThe `tunnel` instance returned to your callback emits the following events\n\n|event|args|description|\n|----|----|----|\n|error|err|fires when an error happens on the tunnel|\n|close||fires when the tunnel has closed|\n\nThe `tunnel instance has the following methods\n\n|method|args|description|\n|----|----|----|\n|close||close the tunnel|\n\n## other clients ##\n\nClients in other languages\n\n*go* [gotunnelme](https://github.com/NoahShen/gotunnelme)\n\n## server ##\n\nSee defunctzombie/localtunnel-server for details on the server that powers localtunnel.\n\n## License ##\nMIT\n',
95 silly resolved     readmeFilename: 'README.md',
95 silly resolved     bugs: { url: 'https://github.com/shtylman/localtunnel/issues' },
95 silly resolved     _id: 'localtunnel@1.5.0',
95 silly resolved     dist: { shasum: '25784bb9007685c96688af8088584f2fbd310191' },
95 silly resolved     _from: 'localtunnel@',
95 silly resolved     _resolved: 'https://registry.npmjs.org/localtunnel/-/localtunnel-1.5.0.tgz' } ]
96 info install localtunnel@1.5.0 into /usr/local/lib
97 info installOne localtunnel@1.5.0
98 info /usr/local/lib/node_modules/localtunnel unbuild
99 verbose tar unpack /home/nicholas/.npm/localtunnel/1.5.0/package.tgz
100 silly lockFile 64ac3b3b-cal-lib-node-modules-localtunnel tar:///usr/local/lib/node_modules/localtunnel
101 verbose lock tar:///usr/local/lib/node_modules/localtunnel /home/nicholas/.npm/64ac3b3b-cal-lib-node-modules-localtunnel.lock
102 silly lockFile 71a1f3e5-pm-localtunnel-1-5-0-package-tgz tar:///home/nicholas/.npm/localtunnel/1.5.0/package.tgz
103 verbose lock tar:///home/nicholas/.npm/localtunnel/1.5.0/package.tgz /home/nicholas/.npm/71a1f3e5-pm-localtunnel-1-5-0-package-tgz.lock
104 silly gunzTarPerm modes [ '755', '644' ]
105 error Error: EACCES, mkdir '/usr/local/lib/node_modules'
105 error  { [Error: EACCES, mkdir '/usr/local/lib/node_modules']
105 error   errno: 3,
105 error   code: 'EACCES',
105 error   path: '/usr/local/lib/node_modules',
105 error   fstream_type: 'Directory',
105 error   fstream_path: '/usr/local/lib/node_modules/localtunnel',
105 error   fstream_class: 'DirWriter',
105 error   fstream_stack:
105 error    [ '/usr/lib/nodejs/fstream/lib/writer.js:171:23',
105 error      '/usr/lib/nodejs/mkdirp/index.js:37:53',
105 error      'Object.oncomplete (fs.js:107:15)' ] }
106 error Please try running this command again as root/Administrator.
107 error System Linux 3.13.0-40-generic
108 error command "/usr/bin/nodejs" "/usr/bin/npm" "install" "-g" "localtunnel"
109 error cwd /home/nicholas/nickmarks
110 error node -v v0.10.25
111 error npm -v 1.3.10
112 error path /usr/local/lib/node_modules
113 error fstream_path /usr/local/lib/node_modules/localtunnel
114 error fstream_type Directory
115 error fstream_class DirWriter
116 error code EACCES
117 error errno 3
118 error stack Error: EACCES, mkdir '/usr/local/lib/node_modules'
119 error fstream_stack /usr/lib/nodejs/fstream/lib/writer.js:171:23
119 error fstream_stack /usr/lib/nodejs/mkdirp/index.js:37:53
119 error fstream_stack Object.oncomplete (fs.js:107:15)
120 verbose exit [ 3, true ]
